<?xml version="1.0" encoding="UTF-8"?>
<!-- Generated by org.testng.reporters.JUnitReportReporter -->
<testsuite skipped="0" hostname="iflubber-PC" name="learn.selenium.webdriver.selenium2.withTestNg.TestNgSeleniumTest" tests="2" failures="0" timestamp="01 Nov 2017 08:29:44 GMT" time="28.347" errors="0">
  <testcase name="testGoogleSearch1" time="15.527" classname="learn.selenium.webdriver.selenium2.withTestNg.TestNgSeleniumTest"/>
  <testcase name="testGoogleSearch2" time="12.820" classname="learn.selenium.webdriver.selenium2.withTestNg.TestNgSeleniumTest"/>
</testsuite> <!-- learn.selenium.webdriver.selenium2.withTestNg.TestNgSeleniumTest -->
